09:26:51.840 webrtc_server_java [main] INFO  c.example.demo.DemoApplicationTests - Starting DemoApplicationTests on XTZJ-20220307FM with PID 51488 (started by Administrator in E:\doctorgit\webrtc_server_java-master)
09:26:51.856 webrtc_server_java [main] DEBUG c.example.demo.DemoApplicationTests - Running with Spring Boot v2.1.3.RELEASE, Spring v5.1.5.RELEASE
09:26:51.856 webrtc_server_java [main] INFO  c.example.demo.DemoApplicationTests - The following profiles are active: dev
09:31:36.062 webrtc_server_java [main] INFO  c.example.demo.DemoApplicationTests - Starting DemoApplicationTests on XTZJ-20220307FM with PID 49408 (started by Administrator in E:\doctorgit\webrtc_server_java-master)
09:31:36.112 webrtc_server_java [main] DEBUG c.example.demo.DemoApplicationTests - Running with Spring Boot v2.1.3.RELEASE, Spring v5.1.5.RELEASE
09:31:36.112 webrtc_server_java [main] INFO  c.example.demo.DemoApplicationTests - The following profiles are active: dev
09:32:11.385 webrtc_server_java [main] INFO  c.example.demo.DemoApplicationTests - Starting DemoApplicationTests on XTZJ-20220307FM with PID 35172 (started by Administrator in E:\doctorgit\webrtc_server_java-master)
09:32:11.393 webrtc_server_java [main] DEBUG c.example.demo.DemoApplicationTests - Running with Spring Boot v2.1.3.RELEASE, Spring v5.1.5.RELEASE
09:32:11.393 webrtc_server_java [main] INFO  c.example.demo.DemoApplicationTests - The following profiles are active: dev
09:38:45.836 webrtc_server_java [main] INFO  c.example.demo.DemoApplicationTests - Starting DemoApplicationTests on XTZJ-20220307FM with PID 51484 (started by Administrator in E:\doctorgit\webrtc_server_java-master)
09:38:45.836 webrtc_server_java [main] DEBUG c.example.demo.DemoApplicationTests - Running with Spring Boot v2.1.3.RELEASE, Spring v5.1.5.RELEASE
09:38:45.836 webrtc_server_java [main] INFO  c.example.demo.DemoApplicationTests - The following profiles are active: dev
09:39:26.737 webrtc_server_java [main] INFO  c.example.demo.DemoApplicationTests - Starting DemoApplicationTests on XTZJ-20220307FM with PID 52116 (started by Administrator in E:\doctorgit\webrtc_server_java-master)
09:39:26.737 webrtc_server_java [main] DEBUG c.example.demo.DemoApplicationTests - Running with Spring Boot v2.1.3.RELEASE, Spring v5.1.5.RELEASE
09:39:26.737 webrtc_server_java [main] INFO  c.example.demo.DemoApplicationTests - The following profiles are active: dev
09:39:29.962 webrtc_server_java [main] INFO  DemoApplication - Starting DemoApplication on XTZJ-20220307FM with PID 30952 (E:\doctorgit\webrtc_server_java-master\target\classes started by Administrator in E:\doctorgit\webrtc_server_java-master)
09:39:29.984 webrtc_server_java [main] DEBUG DemoApplication - Running with Spring Boot v2.1.3.RELEASE, Spring v5.1.5.RELEASE
09:39:29.992 webrtc_server_java [main] INFO  DemoApplication - The following profiles are active: dev
09:39:31.291 webrtc_server_java [main] INFO  c.e.demo.filter.HttpServletFilter - 过滤器--------------->httpServletFilter
09:39:31.608 webrtc_server_java [main] INFO  DemoApplication - Started DemoApplication in 2.15 seconds (JVM running for 2.874)
09:41:21.637 webrtc_server_java [main] INFO  DemoApplication - Starting DemoApplication on XTZJ-20220307FM with PID 50432 (E:\doctorgit\webrtc_server_java-master\target\classes started by Administrator in E:\doctorgit\webrtc_server_java-master)
09:41:21.644 webrtc_server_java [main] DEBUG DemoApplication - Running with Spring Boot v2.1.3.RELEASE, Spring v5.1.5.RELEASE
09:41:21.644 webrtc_server_java [main] INFO  DemoApplication - The following profiles are active: dev
09:41:22.973 webrtc_server_java [main] INFO  c.e.demo.filter.HttpServletFilter - 过滤器--------------->httpServletFilter
09:41:23.290 webrtc_server_java [main] INFO  DemoApplication - Started DemoApplication in 2.115 seconds (JVM running for 2.526)
09:41:36.818 webrtc_server_java [http-nio-5000-exec-1] INFO  c.e.demo.filter.HttpServletFilter - 过滤器--------------->127.0.0.1
09:41:37.041 webrtc_server_java [http-nio-5000-exec-2] INFO  c.e.demo.filter.HttpServletFilter - 过滤器--------------->127.0.0.1
09:42:13.433 webrtc_server_java [main] INFO  DemoApplication - Starting DemoApplication on XTZJ-20220307FM with PID 50500 (E:\doctorgit\webrtc_server_java-master\target\classes started by Administrator in E:\doctorgit\webrtc_server_java-master)
09:42:13.443 webrtc_server_java [main] DEBUG DemoApplication - Running with Spring Boot v2.1.3.RELEASE, Spring v5.1.5.RELEASE
09:42:13.443 webrtc_server_java [main] INFO  DemoApplication - The following profiles are active: dev
09:42:14.710 webrtc_server_java [main] INFO  c.e.demo.filter.HttpServletFilter - 过滤器--------------->httpServletFilter
09:45:39.776 webrtc_server_java [main] INFO  DemoApplication - Starting DemoApplication on XTZJ-20220307FM with PID 52984 (E:\doctorgit\webrtc_server_java-master\target\classes started by Administrator in E:\doctorgit\webrtc_server_java-master)
09:45:39.776 webrtc_server_java [main] DEBUG DemoApplication - Running with Spring Boot v2.1.3.RELEASE, Spring v5.1.5.RELEASE
09:45:39.776 webrtc_server_java [main] INFO  DemoApplication - The following profiles are active: dev
09:45:41.108 webrtc_server_java [main] INFO  c.e.demo.filter.HttpServletFilter - 过滤器--------------->httpServletFilter
09:45:54.517 webrtc_server_java [main] INFO  DemoApplication - Starting DemoApplication on XTZJ-20220307FM with PID 52316 (E:\doctorgit\webrtc_server_java-master\target\classes started by Administrator in E:\doctorgit\webrtc_server_java-master)
09:45:54.527 webrtc_server_java [main] DEBUG DemoApplication - Running with Spring Boot v2.1.3.RELEASE, Spring v5.1.5.RELEASE
09:45:54.527 webrtc_server_java [main] INFO  DemoApplication - The following profiles are active: dev
09:45:55.663 webrtc_server_java [main] INFO  c.e.demo.filter.HttpServletFilter - 过滤器--------------->httpServletFilter
11:10:16.222 webrtc_server_java [main] INFO  DemoApplication - Starting DemoApplication on XTZJ-20220307FM with PID 54672 (E:\doctorgit\webrtc_server_java-master\target\classes started by Administrator in E:\doctorgit\webrtc_server_java-master)
11:10:16.230 webrtc_server_java [main] DEBUG DemoApplication - Running with Spring Boot v2.1.3.RELEASE, Spring v5.1.5.RELEASE
11:10:16.230 webrtc_server_java [main] INFO  DemoApplication - The following profiles are active: dev
11:10:17.438 webrtc_server_java [main] INFO  c.e.demo.filter.HttpServletFilter - 过滤器--------------->httpServletFilter
11:11:29.783 webrtc_server_java [main] INFO  DemoApplication - Starting DemoApplication on XTZJ-20220307FM with PID 52236 (E:\doctorgit\webrtc_server_java-master\target\classes started by Administrator in E:\doctorgit\webrtc_server_java-master)
11:11:29.783 webrtc_server_java [main] DEBUG DemoApplication - Running with Spring Boot v2.1.3.RELEASE, Spring v5.1.5.RELEASE
11:11:29.783 webrtc_server_java [main] INFO  DemoApplication - The following profiles are active: dev
11:11:30.912 webrtc_server_java [main] INFO  c.e.demo.filter.HttpServletFilter - 过滤器--------------->httpServletFilter
11:24:54.194 webrtc_server_java [main] INFO  DemoApplication - Starting DemoApplication on XTZJ-20220307FM with PID 50216 (E:\doctorgit\webrtc_server_java-master\target\classes started by Administrator in E:\doctorgit\webrtc_server_java-master)
11:24:54.194 webrtc_server_java [main] DEBUG DemoApplication - Running with Spring Boot v2.1.3.RELEASE, Spring v5.1.5.RELEASE
11:24:54.194 webrtc_server_java [main] INFO  DemoApplication - The following profiles are active: dev
11:24:55.328 webrtc_server_java [main] INFO  c.e.demo.filter.HttpServletFilter - 过滤器--------------->httpServletFilter
13:18:28.361 webrtc_server_java [main] INFO  DemoApplication - Starting DemoApplication on XTZJ-20220307FM with PID 56168 (E:\doctorgit\webrtc_server_java-master\target\classes started by Administrator in E:\doctorgit\webrtc_server_java-master)
13:18:28.423 webrtc_server_java [main] DEBUG DemoApplication - Running with Spring Boot v2.1.3.RELEASE, Spring v5.1.5.RELEASE
13:18:28.423 webrtc_server_java [main] INFO  DemoApplication - The following profiles are active: dev
13:18:30.683 webrtc_server_java [main] INFO  c.e.demo.filter.HttpServletFilter - 过滤器--------------->httpServletFilter
14:16:09.814 webrtc_server_java [main] INFO  DemoApplication - Starting DemoApplication on XTZJ-20220307FM with PID 54584 (E:\doctorgit\webrtc_server_java-master\target\classes started by Administrator in E:\doctorgit\webrtc_server_java-master)
14:16:09.814 webrtc_server_java [main] DEBUG DemoApplication - Running with Spring Boot v2.1.3.RELEASE, Spring v5.1.5.RELEASE
14:16:09.814 webrtc_server_java [main] INFO  DemoApplication - The following profiles are active: dev
14:17:20.461 webrtc_server_java [main] INFO  DemoApplication - Starting DemoApplication on XTZJ-20220307FM with PID 54132 (E:\doctorgit\webrtc_server_java-master\target\classes started by Administrator in E:\doctorgit\webrtc_server_java-master)
14:17:20.476 webrtc_server_java [main] DEBUG DemoApplication - Running with Spring Boot v2.1.3.RELEASE, Spring v5.1.5.RELEASE
14:17:20.483 webrtc_server_java [main] INFO  DemoApplication - The following profiles are active: dev
14:17:21.819 webrtc_server_java [main] INFO  c.e.demo.filter.HttpServletFilter - 过滤器--------------->httpServletFilter
14:54:32.991 webrtc_server_java [main] INFO  com.ljming.webrtc.DemoApplication - Starting DemoApplication on XTZJ-20220307FM with PID 39412 (E:\doctorgit\webrtc_server_java-master\target\classes started by Administrator in E:\doctorgit\webrtc_server_java-master)
14:54:32.991 webrtc_server_java [main] DEBUG com.ljming.webrtc.DemoApplication - Running with Spring Boot v2.1.3.RELEASE, Spring v5.1.5.RELEASE
14:54:32.991 webrtc_server_java [main] INFO  com.ljming.webrtc.DemoApplication - The following profiles are active: dev
14:54:34.329 webrtc_server_java [main] INFO  c.l.webrtc.filter.HttpServletFilter - 过滤器--------------->httpServletFilter
15:08:53.970 webrtc_server_java [main] INFO  com.ljming.webrtc.DemoApplication - Starting DemoApplication on XTZJ-20220307FM with PID 57004 (E:\doctorgit\webrtc_server_java-master\target\classes started by Administrator in E:\doctorgit\webrtc_server_java-master)
15:08:53.970 webrtc_server_java [main] DEBUG com.ljming.webrtc.DemoApplication - Running with Spring Boot v2.1.3.RELEASE, Spring v5.1.5.RELEASE
15:08:53.970 webrtc_server_java [main] INFO  com.ljming.webrtc.DemoApplication - The following profiles are active: dev
15:08:55.278 webrtc_server_java [main] INFO  c.l.webrtc.filter.HttpServletFilter - 过滤器--------------->httpServletFilter
15:08:55.910 webrtc_server_java [main] INFO  com.ljming.webrtc.DemoApplication - Started DemoApplication in 2.43 seconds (JVM running for 2.884)
15:09:12.152 webrtc_server_java [http-nio-5000-exec-1] INFO  c.l.webrtc.filter.HttpServletFilter - 过滤器--------------->127.0.0.1
15:12:14.884 webrtc_server_java [main] INFO  com.ljming.webrtc.DemoApplication - Starting DemoApplication on XTZJ-20220307FM with PID 54936 (E:\doctorgit\webrtc_server_java-master\target\classes started by Administrator in E:\doctorgit\webrtc_server_java-master)
15:12:14.888 webrtc_server_java [main] DEBUG com.ljming.webrtc.DemoApplication - Running with Spring Boot v2.1.3.RELEASE, Spring v5.1.5.RELEASE
15:12:14.888 webrtc_server_java [main] INFO  com.ljming.webrtc.DemoApplication - The following profiles are active: dev
15:12:16.266 webrtc_server_java [main] INFO  c.l.webrtc.filter.HttpServletFilter - 过滤器--------------->httpServletFilter
15:12:16.916 webrtc_server_java [main] INFO  com.ljming.webrtc.DemoApplication - Started DemoApplication in 2.664 seconds (JVM running for 3.197)
15:12:22.453 webrtc_server_java [http-nio-5000-exec-1] INFO  c.l.webrtc.filter.HttpServletFilter - 过滤器--------------->127.0.0.1
15:15:19.017 webrtc_server_java [main] INFO  com.ljming.webrtc.DemoApplication - Starting DemoApplication on XTZJ-20220307FM with PID 30912 (E:\doctorgit\webrtc_server_java-master\target\classes started by Administrator in E:\doctorgit\webrtc_server_java-master)
15:15:19.017 webrtc_server_java [main] DEBUG com.ljming.webrtc.DemoApplication - Running with Spring Boot v2.1.3.RELEASE, Spring v5.1.5.RELEASE
15:15:19.025 webrtc_server_java [main] INFO  com.ljming.webrtc.DemoApplication - The following profiles are active: dev
15:15:20.278 webrtc_server_java [main] INFO  c.l.webrtc.filter.HttpServletFilter - 过滤器--------------->httpServletFilter
15:15:20.901 webrtc_server_java [main] INFO  com.ljming.webrtc.DemoApplication - Started DemoApplication in 2.366 seconds (JVM running for 2.832)
15:15:26.892 webrtc_server_java [http-nio-5000-exec-1] INFO  c.l.webrtc.filter.HttpServletFilter - 过滤器--------------->127.0.0.1
15:15:27.108 webrtc_server_java [http-nio-5000-exec-1] DEBUG c.l.w.p.dao.UserDao.getUserBeanById - ==>  Preparing: SELECT * FROM sys_user WHERE id = ? 
15:15:27.124 webrtc_server_java [http-nio-5000-exec-1] DEBUG c.l.w.p.dao.UserDao.getUserBeanById - ==> Parameters: 0(Integer)
15:15:27.139 webrtc_server_java [http-nio-5000-exec-1] DEBUG c.l.w.p.dao.UserDao.getUserBeanById - <==      Total: 0
15:18:33.807 webrtc_server_java [main] INFO  com.ljming.webrtc.DemoApplication - Starting DemoApplication on XTZJ-20220307FM with PID 57040 (E:\doctorgit\webrtc_server_java-master\target\classes started by Administrator in E:\doctorgit\webrtc_server_java-master)
15:18:33.815 webrtc_server_java [main] DEBUG com.ljming.webrtc.DemoApplication - Running with Spring Boot v2.1.3.RELEASE, Spring v5.1.5.RELEASE
15:18:33.815 webrtc_server_java [main] INFO  com.ljming.webrtc.DemoApplication - The following profiles are active: dev
15:18:35.126 webrtc_server_java [main] INFO  c.l.webrtc.filter.HttpServletFilter - 过滤器--------------->httpServletFilter
15:18:35.728 webrtc_server_java [main] INFO  com.ljming.webrtc.DemoApplication - Started DemoApplication in 2.414 seconds (JVM running for 2.929)
15:18:41.647 webrtc_server_java [http-nio-5000-exec-1] INFO  c.l.webrtc.filter.HttpServletFilter - 过滤器--------------->127.0.0.1
15:18:41.832 webrtc_server_java [http-nio-5000-exec-1] DEBUG c.l.w.p.dao.UserDao.getUserBeanById - ==>  Preparing: SELECT * FROM sys_user WHERE id = ? 
15:18:41.848 webrtc_server_java [http-nio-5000-exec-1] DEBUG c.l.w.p.dao.UserDao.getUserBeanById - ==> Parameters: 1(Integer)
15:19:54.981 webrtc_server_java [main] INFO  com.ljming.webrtc.DemoApplication - Starting DemoApplication on XTZJ-20220307FM with PID 53672 (E:\doctorgit\webrtc_server_java-master\target\classes started by Administrator in E:\doctorgit\webrtc_server_java-master)
15:19:54.981 webrtc_server_java [main] DEBUG com.ljming.webrtc.DemoApplication - Running with Spring Boot v2.1.3.RELEASE, Spring v5.1.5.RELEASE
15:19:54.981 webrtc_server_java [main] INFO  com.ljming.webrtc.DemoApplication - The following profiles are active: dev
15:19:56.227 webrtc_server_java [main] INFO  c.l.webrtc.filter.HttpServletFilter - 过滤器--------------->httpServletFilter
15:19:56.835 webrtc_server_java [main] INFO  com.ljming.webrtc.DemoApplication - Started DemoApplication in 2.428 seconds (JVM running for 3.073)
15:20:01.099 webrtc_server_java [http-nio-5000-exec-1] INFO  c.l.webrtc.filter.HttpServletFilter - 过滤器--------------->127.0.0.1
15:20:01.293 webrtc_server_java [http-nio-5000-exec-1] DEBUG c.l.w.p.dao.UserDao.getUserBeanById - ==>  Preparing: SELECT * FROM sys_user WHERE id = ? 
15:20:01.300 webrtc_server_java [http-nio-5000-exec-1] DEBUG c.l.w.p.dao.UserDao.getUserBeanById - ==> Parameters: 1(Integer)
15:20:02.319 webrtc_server_java [http-nio-5000-exec-2] INFO  c.l.webrtc.filter.HttpServletFilter - 过滤器--------------->127.0.0.1
15:20:02.319 webrtc_server_java [http-nio-5000-exec-2] DEBUG c.l.w.p.dao.UserDao.getUserBeanById - ==>  Preparing: SELECT * FROM sys_user WHERE id = ? 
15:20:02.319 webrtc_server_java [http-nio-5000-exec-2] DEBUG c.l.w.p.dao.UserDao.getUserBeanById - ==> Parameters: 1(Integer)
15:20:03.500 webrtc_server_java [http-nio-5000-exec-3] INFO  c.l.webrtc.filter.HttpServletFilter - 过滤器--------------->127.0.0.1
15:20:03.500 webrtc_server_java [http-nio-5000-exec-3] DEBUG c.l.w.p.dao.UserDao.getUserBeanById - ==>  Preparing: SELECT * FROM sys_user WHERE id = ? 
15:20:03.500 webrtc_server_java [http-nio-5000-exec-3] DEBUG c.l.w.p.dao.UserDao.getUserBeanById - ==> Parameters: 1(Integer)
15:20:04.102 webrtc_server_java [http-nio-5000-exec-4] INFO  c.l.webrtc.filter.HttpServletFilter - 过滤器--------------->127.0.0.1
15:20:04.102 webrtc_server_java [http-nio-5000-exec-4] DEBUG c.l.w.p.dao.UserDao.getUserBeanById - ==>  Preparing: SELECT * FROM sys_user WHERE id = ? 
15:20:04.102 webrtc_server_java [http-nio-5000-exec-4] DEBUG c.l.w.p.dao.UserDao.getUserBeanById - ==> Parameters: 1(Integer)
15:20:04.510 webrtc_server_java [http-nio-5000-exec-5] INFO  c.l.webrtc.filter.HttpServletFilter - 过滤器--------------->127.0.0.1
15:20:04.510 webrtc_server_java [http-nio-5000-exec-5] DEBUG c.l.w.p.dao.UserDao.getUserBeanById - ==>  Preparing: SELECT * FROM sys_user WHERE id = ? 
15:20:04.510 webrtc_server_java [http-nio-5000-exec-5] DEBUG c.l.w.p.dao.UserDao.getUserBeanById - ==> Parameters: 1(Integer)
15:23:41.914 webrtc_server_java [main] INFO  com.ljming.webrtc.DemoApplication - Starting DemoApplication on XTZJ-20220307FM with PID 53692 (E:\doctorgit\webrtc_server_java-master\target\classes started by Administrator in E:\doctorgit\webrtc_server_java-master)
15:23:41.916 webrtc_server_java [main] DEBUG com.ljming.webrtc.DemoApplication - Running with Spring Boot v2.1.3.RELEASE, Spring v5.1.5.RELEASE
15:23:41.916 webrtc_server_java [main] INFO  com.ljming.webrtc.DemoApplication - The following profiles are active: dev
15:23:43.213 webrtc_server_java [main] INFO  c.l.webrtc.filter.HttpServletFilter - 过滤器--------------->httpServletFilter
15:23:43.846 webrtc_server_java [main] INFO  com.ljming.webrtc.DemoApplication - Started DemoApplication in 2.484 seconds (JVM running for 3.145)
15:23:48.344 webrtc_server_java [http-nio-5000-exec-1] INFO  c.l.webrtc.filter.HttpServletFilter - 过滤器--------------->127.0.0.1
15:23:48.529 webrtc_server_java [http-nio-5000-exec-1] DEBUG c.l.w.p.dao.UserDao.getUserBeanById - ==>  Preparing: SELECT * FROM sys_user WHERE id = ? 
15:23:48.545 webrtc_server_java [http-nio-5000-exec-1] DEBUG c.l.w.p.dao.UserDao.getUserBeanById - ==> Parameters: 1(Integer)
15:23:48.561 webrtc_server_java [http-nio-5000-exec-1] DEBUG c.l.w.p.dao.UserDao.getUserBeanById - <==      Total: 1
15:23:48.614 webrtc_server_java [http-nio-5000-exec-2] INFO  c.l.webrtc.filter.HttpServletFilter - 过滤器--------------->127.0.0.1
15:25:16.581 webrtc_server_java [main] INFO  com.ljming.webrtc.DemoApplication - Starting DemoApplication on XTZJ-20220307FM with PID 52044 (E:\doctorgit\webrtc_server_java-master\target\classes started by Administrator in E:\doctorgit\webrtc_server_java-master)
15:25:16.581 webrtc_server_java [main] DEBUG com.ljming.webrtc.DemoApplication - Running with Spring Boot v2.1.3.RELEASE, Spring v5.1.5.RELEASE
15:25:16.581 webrtc_server_java [main] INFO  com.ljming.webrtc.DemoApplication - The following profiles are active: dev
15:25:17.891 webrtc_server_java [main] INFO  c.l.webrtc.filter.HttpServletFilter - 过滤器--------------->httpServletFilter
15:25:18.508 webrtc_server_java [main] INFO  com.ljming.webrtc.DemoApplication - Started DemoApplication in 2.413 seconds (JVM running for 2.888)
15:25:21.101 webrtc_server_java [http-nio-5000-exec-1] INFO  c.l.webrtc.filter.HttpServletFilter - 过滤器--------------->127.0.0.1
15:25:21.286 webrtc_server_java [http-nio-5000-exec-1] DEBUG c.l.w.p.dao.UserDao.getUserBeanById - ==>  Preparing: SELECT * FROM sys_user WHERE id = ? 
15:25:21.301 webrtc_server_java [http-nio-5000-exec-1] DEBUG c.l.w.p.dao.UserDao.getUserBeanById - ==> Parameters: 1(Integer)
15:25:21.317 webrtc_server_java [http-nio-5000-exec-1] DEBUG c.l.w.p.dao.UserDao.getUserBeanById - <==      Total: 1
15:26:17.631 webrtc_server_java [main] INFO  com.ljming.webrtc.DemoApplication - Starting DemoApplication on XTZJ-20220307FM with PID 57964 (E:\doctorgit\webrtc_server_java-master\target\classes started by Administrator in E:\doctorgit\webrtc_server_java-master)
15:26:17.631 webrtc_server_java [main] DEBUG com.ljming.webrtc.DemoApplication - Running with Spring Boot v2.1.3.RELEASE, Spring v5.1.5.RELEASE
15:26:17.631 webrtc_server_java [main] INFO  com.ljming.webrtc.DemoApplication - The following profiles are active: dev
15:26:18.966 webrtc_server_java [main] INFO  c.l.webrtc.filter.HttpServletFilter - 过滤器--------------->httpServletFilter
15:26:19.583 webrtc_server_java [main] INFO  com.ljming.webrtc.DemoApplication - Started DemoApplication in 2.454 seconds (JVM running for 2.97)
15:26:22.772 webrtc_server_java [http-nio-5000-exec-1] INFO  c.l.webrtc.filter.HttpServletFilter - 过滤器--------------->127.0.0.1
15:26:22.973 webrtc_server_java [http-nio-5000-exec-1] DEBUG c.l.w.p.dao.UserDao.getUserBeanById - ==>  Preparing: SELECT * FROM sys_user WHERE id = ? 
15:26:22.988 webrtc_server_java [http-nio-5000-exec-1] DEBUG c.l.w.p.dao.UserDao.getUserBeanById - ==> Parameters: 1(Integer)
15:26:23.004 webrtc_server_java [http-nio-5000-exec-1] DEBUG c.l.w.p.dao.UserDao.getUserBeanById - <==      Total: 1
15:26:23.737 webrtc_server_java [http-nio-5000-exec-3] INFO  c.l.webrtc.filter.HttpServletFilter - 过滤器--------------->127.0.0.1
15:26:23.737 webrtc_server_java [http-nio-5000-exec-3] DEBUG c.l.w.p.dao.UserDao.getUserBeanById - ==>  Preparing: SELECT * FROM sys_user WHERE id = ? 
15:26:23.737 webrtc_server_java [http-nio-5000-exec-3] DEBUG c.l.w.p.dao.UserDao.getUserBeanById - ==> Parameters: 1(Integer)
15:26:23.737 webrtc_server_java [http-nio-5000-exec-3] DEBUG c.l.w.p.dao.UserDao.getUserBeanById - <==      Total: 1
15:26:46.037 webrtc_server_java [main] INFO  com.ljming.webrtc.DemoApplication - Starting DemoApplication on XTZJ-20220307FM with PID 54520 (E:\doctorgit\webrtc_server_java-master\target\classes started by Administrator in E:\doctorgit\webrtc_server_java-master)
15:26:46.039 webrtc_server_java [main] DEBUG com.ljming.webrtc.DemoApplication - Running with Spring Boot v2.1.3.RELEASE, Spring v5.1.5.RELEASE
15:26:46.049 webrtc_server_java [main] INFO  com.ljming.webrtc.DemoApplication - The following profiles are active: dev
15:26:47.382 webrtc_server_java [main] INFO  c.l.webrtc.filter.HttpServletFilter - 过滤器--------------->httpServletFilter
15:26:47.984 webrtc_server_java [main] INFO  com.ljming.webrtc.DemoApplication - Started DemoApplication in 2.412 seconds (JVM running for 2.911)
15:26:52.160 webrtc_server_java [http-nio-5000-exec-1] INFO  c.l.webrtc.filter.HttpServletFilter - 过滤器--------------->127.0.0.1
15:26:52.345 webrtc_server_java [http-nio-5000-exec-1] DEBUG c.l.w.p.dao.UserDao.getUserBeanById - ==>  Preparing: SELECT * FROM sys_user WHERE id = ? 
15:26:52.361 webrtc_server_java [http-nio-5000-exec-1] DEBUG c.l.w.p.dao.UserDao.getUserBeanById - ==> Parameters: 1(Integer)
15:26:52.361 webrtc_server_java [http-nio-5000-exec-1] DEBUG c.l.w.p.dao.UserDao.getUserBeanById - <==      Total: 1
15:28:07.386 webrtc_server_java [main] INFO  c.ljming.webrtc.DemoApplicationTests - Starting DemoApplicationTests on XTZJ-20220307FM with PID 57868 (started by Administrator in E:\doctorgit\webrtc_server_java-master)
15:28:07.402 webrtc_server_java [main] DEBUG c.ljming.webrtc.DemoApplicationTests - Running with Spring Boot v2.1.3.RELEASE, Spring v5.1.5.RELEASE
15:28:07.402 webrtc_server_java [main] INFO  c.ljming.webrtc.DemoApplicationTests - The following profiles are active: dev
15:28:33.520 webrtc_server_java [main] INFO  c.ljming.webrtc.DemoApplicationTests - Starting DemoApplicationTests on XTZJ-20220307FM with PID 58140 (started by Administrator in E:\doctorgit\webrtc_server_java-master)
15:28:33.520 webrtc_server_java [main] DEBUG c.ljming.webrtc.DemoApplicationTests - Running with Spring Boot v2.1.3.RELEASE, Spring v5.1.5.RELEASE
15:28:33.520 webrtc_server_java [main] INFO  c.ljming.webrtc.DemoApplicationTests - The following profiles are active: dev
15:45:12.651 webrtc_server_java [main] INFO  com.ljming.webrtc.UserControllerTest - Starting UserControllerTest on XTZJ-20220307FM with PID 57812 (started by Administrator in E:\doctorgit\webrtc_server_java-master)
15:45:12.651 webrtc_server_java [main] DEBUG com.ljming.webrtc.UserControllerTest - Running with Spring Boot v2.1.3.RELEASE, Spring v5.1.5.RELEASE
15:45:12.651 webrtc_server_java [main] INFO  com.ljming.webrtc.UserControllerTest - The following profiles are active: dev
15:51:26.902 webrtc_server_java [main] INFO  com.ljming.webrtc.UserControllerTest - Starting UserControllerTest on XTZJ-20220307FM with PID 54816 (started by Administrator in E:\doctorgit\webrtc_server_java-master)
15:51:26.902 webrtc_server_java [main] DEBUG com.ljming.webrtc.UserControllerTest - Running with Spring Boot v2.1.3.RELEASE, Spring v5.1.5.RELEASE
15:51:26.902 webrtc_server_java [main] INFO  com.ljming.webrtc.UserControllerTest - The following profiles are active: dev
15:52:27.774 webrtc_server_java [main] INFO  com.ljming.webrtc.UserControllerTest - Starting UserControllerTest on XTZJ-20220307FM with PID 57100 (started by Administrator in E:\doctorgit\webrtc_server_java-master)
15:52:27.774 webrtc_server_java [main] DEBUG com.ljming.webrtc.UserControllerTest - Running with Spring Boot v2.1.3.RELEASE, Spring v5.1.5.RELEASE
15:52:27.774 webrtc_server_java [main] INFO  com.ljming.webrtc.UserControllerTest - The following profiles are active: dev
15:52:30.561 webrtc_server_java [main] INFO  com.ljming.webrtc.UserControllerTest - Started UserControllerTest in 3.462 seconds (JVM running for 4.745)
15:52:31.104 webrtc_server_java [main] DEBUG c.l.w.p.dao.UserDao.getUserBeanById - ==>  Preparing: SELECT * FROM sys_user WHERE id = ? 
15:52:31.124 webrtc_server_java [main] DEBUG c.l.w.p.dao.UserDao.getUserBeanById - ==> Parameters: 1(Integer)
15:52:31.154 webrtc_server_java [main] DEBUG c.l.w.p.dao.UserDao.getUserBeanById - <==      Total: 1
16:15:36.039 webrtc_server_java [main] INFO  com.ljming.webrtc.WebRTCApplication - Starting WebRTCApplication on XTZJ-20220307FM with PID 55520 (E:\doctorgit\webrtc_server_java-master\target\classes started by Administrator in E:\doctorgit\webrtc_server_java-master)
16:15:36.041 webrtc_server_java [main] DEBUG com.ljming.webrtc.WebRTCApplication - Running with Spring Boot v2.1.3.RELEASE, Spring v5.1.5.RELEASE
16:15:36.041 webrtc_server_java [main] INFO  com.ljming.webrtc.WebRTCApplication - The following profiles are active: dev
16:15:37.345 webrtc_server_java [main] INFO  c.l.webrtc.filter.HttpServletFilter - 过滤器--------------->httpServletFilter
16:15:37.978 webrtc_server_java [main] INFO  com.ljming.webrtc.WebRTCApplication - Started WebRTCApplication in 2.471 seconds (JVM running for 3.299)
16:16:30.070 webrtc_server_java [http-nio-5000-exec-1] INFO  c.l.webrtc.filter.HttpServletFilter - 过滤器--------------->127.0.0.1
16:16:30.123 webrtc_server_java [http-nio-5000-exec-1] INFO  com.ljming.webrtc.project.controller.WebSocketServer - PC用户登陆:1,session:0
16:17:22.686 webrtc_server_java [http-nio-5000-exec-3] INFO  c.l.webrtc.filter.HttpServletFilter - 过滤器--------------->127.0.0.1
16:17:22.686 webrtc_server_java [http-nio-5000-exec-3] INFO  com.ljming.webrtc.project.controller.WebSocketServer - PC用户登陆:1,session:1
16:17:34.712 webrtc_server_java [http-nio-5000-exec-5] INFO  com.ljming.webrtc.project.controller.WebSocketServer - PC用户离开:1
17:00:39.205 webrtc_server_java [main] INFO  com.ljming.webrtc.UserControllerTest - Starting UserControllerTest on XTZJ-20220307FM with PID 55980 (started by Administrator in E:\doctorgit\webrtc_server_java-master)
17:00:39.207 webrtc_server_java [main] DEBUG com.ljming.webrtc.UserControllerTest - Running with Spring Boot v2.1.3.RELEASE, Spring v5.1.5.RELEASE
17:00:39.207 webrtc_server_java [main] INFO  com.ljming.webrtc.UserControllerTest - The following profiles are active: dev
17:01:06.258 webrtc_server_java [main] INFO  com.ljming.webrtc.WebRTCApplication - Starting WebRTCApplication on XTZJ-20220307FM with PID 55712 (E:\doctorgit\webrtc_server_java-master\target\classes started by Administrator in E:\doctorgit\webrtc_server_java-master)
17:01:06.268 webrtc_server_java [main] DEBUG com.ljming.webrtc.WebRTCApplication - Running with Spring Boot v2.1.3.RELEASE, Spring v5.1.5.RELEASE
17:01:06.268 webrtc_server_java [main] INFO  com.ljming.webrtc.WebRTCApplication - The following profiles are active: dev
17:01:07.563 webrtc_server_java [main] INFO  c.l.webrtc.filter.HttpServletFilter - 过滤器--------------->httpServletFilter
17:01:08.181 webrtc_server_java [main] INFO  com.ljming.webrtc.WebRTCApplication - Started WebRTCApplication in 2.437 seconds (JVM running for 2.891)
17:01:16.073 webrtc_server_java [http-nio-5000-exec-1] INFO  c.l.webrtc.filter.HttpServletFilter - 过滤器--------------->127.0.0.1
17:01:16.258 webrtc_server_java [http-nio-5000-exec-1] DEBUG c.l.w.p.d.U.getUserBeanByUserId - ==>  Preparing: SELECT * FROM sys_user WHERE userId = ? 
17:01:16.273 webrtc_server_java [http-nio-5000-exec-1] DEBUG c.l.w.p.d.U.getUserBeanByUserId - ==> Parameters: 001(String)
17:01:16.289 webrtc_server_java [http-nio-5000-exec-1] DEBUG c.l.w.p.d.U.getUserBeanByUserId - <==      Total: 1
17:01:16.374 webrtc_server_java [http-nio-5000-exec-3] INFO  c.l.webrtc.filter.HttpServletFilter - 过滤器--------------->127.0.0.1
17:08:00.095 webrtc_server_java [main] INFO  com.ljming.webrtc.WebRTCApplication - Starting WebRTCApplication on XTZJ-20220307FM with PID 59256 (E:\doctorgit\webrtc_server_java-master\target\classes started by Administrator in E:\doctorgit\webrtc_server_java-master)
17:08:00.095 webrtc_server_java [main] DEBUG com.ljming.webrtc.WebRTCApplication - Running with Spring Boot v2.1.3.RELEASE, Spring v5.1.5.RELEASE
17:08:00.095 webrtc_server_java [main] INFO  com.ljming.webrtc.WebRTCApplication - The following profiles are active: dev
17:08:01.574 webrtc_server_java [main] INFO  c.l.webrtc.filter.HttpServletFilter - 过滤器--------------->httpServletFilter
17:08:02.323 webrtc_server_java [main] INFO  com.ljming.webrtc.WebRTCApplication - Started WebRTCApplication in 2.74 seconds (JVM running for 3.566)
17:09:41.134 webrtc_server_java [http-nio-5000-exec-1] INFO  c.l.webrtc.filter.HttpServletFilter - 过滤器--------------->127.0.0.1
17:10:26.447 webrtc_server_java [http-nio-5000-exec-2] INFO  c.l.webrtc.filter.HttpServletFilter - 过滤器--------------->127.0.0.1
17:10:48.074 webrtc_server_java [http-nio-5000-exec-4] INFO  c.l.webrtc.filter.HttpServletFilter - 过滤器--------------->127.0.0.1
17:21:37.013 webrtc_server_java [main] INFO  com.ljming.webrtc.WebRTCApplication - Starting WebRTCApplication on XTZJ-20220307FM with PID 60084 (E:\doctorgit\webrtc_server_java-master\target\classes started by Administrator in E:\doctorgit\webrtc_server_java-master)
17:21:37.013 webrtc_server_java [main] DEBUG com.ljming.webrtc.WebRTCApplication - Running with Spring Boot v2.1.3.RELEASE, Spring v5.1.5.RELEASE
17:21:37.023 webrtc_server_java [main] INFO  com.ljming.webrtc.WebRTCApplication - The following profiles are active: dev
17:21:38.729 webrtc_server_java [main] INFO  c.l.webrtc.filter.HttpServletFilter - 过滤器--------------->httpServletFilter
17:21:39.531 webrtc_server_java [main] INFO  com.ljming.webrtc.WebRTCApplication - Started WebRTCApplication in 3.262 seconds (JVM running for 3.785)
17:22:41.289 webrtc_server_java [http-nio-5000-exec-1] INFO  c.l.webrtc.filter.HttpServletFilter - 过滤器--------------->127.0.0.1
17:22:41.505 webrtc_server_java [http-nio-5000-exec-1] DEBUG c.l.w.p.d.U.getUserBeanByUserId - ==>  Preparing: SELECT * FROM sys_user WHERE userId = ? 
17:22:41.521 webrtc_server_java [http-nio-5000-exec-1] DEBUG c.l.w.p.d.U.getUserBeanByUserId - ==> Parameters: 001(String)
17:22:41.543 webrtc_server_java [http-nio-5000-exec-1] DEBUG c.l.w.p.d.U.getUserBeanByUserId - <==      Total: 1
17:22:41.543 webrtc_server_java [http-nio-5000-exec-1] INFO  com.ljming.webrtc.project.controller.WebSocketServer - PC用户登陆:001,session:0
17:23:00.665 webrtc_server_java [http-nio-5000-exec-3] INFO  com.ljming.webrtc.project.controller.WebSocketServer - PC用户离开:001
